<?xml version="1.0" encoding="UTF-8"?>
<!-- Generated by org.testng.reporters.JUnitXMLReporter -->
<testsuite ignored="1" hostname="DESKTOP-LA038U6" failures="0" tests="2" name="Default test" time="26.535" errors="0" timestamp="٢٠٢٥-٠٣-٢٦T٠٨:٤٥:٢٩ EET">
  <testcase classname="Templates.Tests.SubmitOrderTest" name="submitOrderTest" time="3.973"/>
  <testcase classname="Templates.Tests.SubmitOrderTest" name="submitOrderTest" time="3.862"/>
  <testcase classname="Templates.Tests.SubmitOrderTest" name="orderHistoryTest" time="0.0">
    <ignored/>
  </testcase> <!-- orderHistoryTest -->
</testsuite> <!-- Default test -->
