<?xml version="1.0" encoding="UTF-8"?>
<!-- Generated by org.testng.reporters.JUnitXMLReporter -->
<testsuite ignored="0" hostname="DESKTOP-LA038U6" failures="0" tests="3" name="SubmitOrderTest" time="45.864" errors="0" timestamp="٢٠٢٥-٠٣-٢٧T٠٥:١٦:٢٠ EET">
  <testcase classname="Templates.Tests.SubmitOrderTest" name="submitOrderTest" time="4.605"/>
  <testcase classname="Templates.Tests.SubmitOrderTest" name="submitOrderTest" time="4.014"/>
  <testcase classname="Templates.Tests.SubmitOrderTest" name="orderHistoryTest" time="1.153"/>
</testsuite> <!-- SubmitOrderTest -->
