<?xml version="1.0" encoding="UTF-8"?>
<!-- Generated by org.testng.reporters.JUnitXMLReporter -->
<testsuite ignored="0" hostname="DESKTOP-LA038U6" failures="0" tests="3" name="Test" time="33.682" errors="0" timestamp="٢٠٢٥-٠٣-٢٦T٠٦:٥٣:٣٣ EET">
  <testcase classname="Templates.Tests.SubmitOrderTest" name="submitOrderTest" time="3.677"/>
  <testcase classname="Templates.Tests.ErrorValidation" name="loginErrorValidation" time="0.646"/>
  <testcase classname="Templates.Tests.ErrorValidation" name="productErrorValidation" time="2.618"/>
</testsuite> <!-- Test -->
